<?xml version="1.0" encoding="UTF-8"?>
<!-- Generated by org.testng.reporters.JUnitReportReporter -->
<testsuite hostname="Sanjana-Mac.local" failures="0" tests="4" name="Api_Tests.Pet_Tests" time="8.430" errors="0" timestamp="2024-10-21T17:31:27 GST" skipped="0">
  <testcase classname="Api_Tests.Pet_Tests" name="createPet" time="3.729"/>
  <testcase classname="Api_Tests.Pet_Tests" name="getPets" time="1.390"/>
  <testcase classname="Api_Tests.Pet_Tests" name="deletePet" time="2.034"/>
  <testcase classname="Api_Tests.Pet_Tests" name="updatePet" time="1.277"/>
</testsuite> <!-- Api_Tests.Pet_Tests -->
